Listing...
adduser/jammy,now 3.118ubuntu5 all [installed]
apt-transport-https/jammy-updates,now 2.4.8 all [installed]
apt-utils/jammy-updates,now 2.4.8 amd64 [installed]
apt/jammy-updates,now 2.4.8 amd64 [installed]
base-files/jammy-updates,now 12ubuntu4.3 amd64 [installed]
base-passwd/jammy,now 3.5.52build1 amd64 [installed]
bash/jammy,now 5.1-6ubuntu1 amd64 [installed]
binutils-common/jammy-updates,jammy-security,now 2.38-4ubuntu2.1 amd64 [installed,automatic]
binutils-x86-64-linux-gnu/jammy-updates,jammy-security,now 2.38-4ubuntu2.1 amd64 [installed,automatic]
binutils/jammy-updates,jammy-security,now 2.38-4ubuntu2.1 amd64 [installed,automatic]
bsdextrautils/jammy,now 2.37.2-4ubuntu3 amd64 [installed,automatic]
bsdutils/jammy,now 1:2.37.2-4ubuntu3 amd64 [installed]
build-essential/jammy,now 12.9ubuntu3 amd64 [installed]
bzip2/jammy,now 1.0.8-5build1 amd64 [installed]
ca-certificates/jammy-updates,jammy-security,now 20211016ubuntu0.22.04.1 all [installed]
cm-super-minimal/jammy,now 0.3.4-17 all [installed,automatic]
cm-super/jammy,now 0.3.4-17 all [installed]
coreutils/jammy,now 8.32-4.1ubuntu1 amd64 [installed]
cpp-11/jammy-updates,jammy-security,now 11.3.0-1ubuntu1~22.04 amd64 [installed,automatic]
cpp/jammy,now 4:11.2.0-1ubuntu1 amd64 [installed,automatic]
curl/jammy-updates,jammy-security,now 7.81.0-1ubuntu1.8 amd64 [installed]
dash/jammy,now 0.5.11+git20210903+057cd650a4ed-3build1 amd64 [installed]
debconf/jammy,now 1.5.79ubuntu1 all [installed]
debianutils/jammy,now 5.5-1ubuntu2 amd64 [installed]
dialog/jammy,now 1.3-20211214-1 amd64 [installed]
diffutils/jammy,now 1:3.8-0ubuntu2 amd64 [installed]
dirmngr/jammy-updates,jammy-security,now 2.2.27-3ubuntu2.1 amd64 [installed]
distro-info-data/jammy-updates,now 0.52ubuntu0.2 all [installed,automatic]
dpkg-dev/jammy-updates,jammy-security,now 1.21.1ubuntu2.1 all [installed,automatic]
dpkg/jammy-updates,jammy-security,now 1.21.1ubuntu2.1 amd64 [installed]
dvipng/jammy,now 1.15-1.1 amd64 [installed]
e2fsprogs/jammy-updates,jammy-security,now 1.46.5-2ubuntu1.1 amd64 [installed]
ffmpeg/jammy-updates,jammy-security,now 7:4.4.2-0ubuntu0.22.04.1 amd64 [installed]
findutils/jammy,now 4.8.0-1ubuntu3 amd64 [installed]
fontconfig-config/jammy,now 2.13.1-4.2ubuntu5 all [installed,automatic]
fontconfig/jammy,now 2.13.1-4.2ubuntu5 amd64 [installed,automatic]
fonts-dejavu-core/jammy,now 2.37-2build1 all [installed,automatic]
fonts-dejavu-extra/jammy,now 2.37-2build1 all [installed,automatic]
fonts-dejavu/jammy,now 2.37-2build1 all [installed]
fonts-liberation/jammy,now 1:1.07.4-11 all [installed]
fonts-lmodern/jammy,now 2.004.5-6.1 all [installed,automatic]
fonts-urw-base35/jammy,now 20200910-1 all [installed,automatic]
g++-11/jammy-updates,jammy-security,now 11.3.0-1ubuntu1~22.04 amd64 [installed,automatic]
g++/jammy,now 4:11.2.0-1ubuntu1 amd64 [installed,automatic]
gcc-11-base/jammy-updates,jammy-security,now 11.3.0-1ubuntu1~22.04 amd64 [installed,automatic]
gcc-11/jammy-updates,jammy-security,now 11.3.0-1ubuntu1~22.04 amd64 [installed,automatic]
gcc-12-base/jammy-updates,jammy-security,now 12.1.0-2ubuntu1~22.04 amd64 [installed]
gcc/jammy,now 4:11.2.0-1ubuntu1 amd64 [installed]
gfortran-11/jammy-updates,jammy-security,now 11.3.0-1ubuntu1~22.04 amd64 [installed,automatic]
gfortran/jammy,now 4:11.2.0-1ubuntu1 amd64 [installed]
ghostscript/jammy-updates,jammy-security,now 9.55.0~dfsg1-0ubuntu5.1 amd64 [installed,automatic]
git-man/jammy-updates,jammy-security,now 1:2.34.1-1ubuntu1.8 all [installed,automatic]
git/jammy-updates,jammy-security,now 1:2.34.1-1ubuntu1.8 amd64 [installed]
gnupg-l10n/jammy-updates,jammy-security,now 2.2.27-3ubuntu2.1 all [installed,automatic]
gnupg-utils/jammy-updates,jammy-security,now 2.2.27-3ubuntu2.1 amd64 [installed,automatic]
gnupg2/jammy-updates,jammy-security,now 2.2.27-3ubuntu2.1 all [installed]
gnupg/jammy-updates,jammy-security,now 2.2.27-3ubuntu2.1 all [installed,automatic]
gpg-agent/jammy-updates,jammy-security,now 2.2.27-3ubuntu2.1 amd64 [installed,automatic]
gpg-wks-client/jammy-updates,jammy-security,now 2.2.27-3ubuntu2.1 amd64 [installed,automatic]
gpg-wks-server/jammy-updates,jammy-security,now 2.2.27-3ubuntu2.1 amd64 [installed,automatic]
gpg/jammy-updates,jammy-security,now 2.2.27-3ubuntu2.1 amd64 [installed,automatic]
gpgconf/jammy-updates,jammy-security,now 2.2.27-3ubuntu2.1 amd64 [installed,automatic]
gpgsm/jammy-updates,jammy-security,now 2.2.27-3ubuntu2.1 amd64 [installed,automatic]
gpgv/jammy-updates,jammy-security,now 2.2.27-3ubuntu2.1 amd64 [installed]
grep/jammy,now 3.7-1build1 amd64 [installed]
groff-base/jammy,now 1.22.4-8build1 amd64 [installed,automatic]
gzip/jammy-updates,now 1.10-4ubuntu4.1 amd64 [installed]
hostname/jammy,now 3.23ubuntu2 amd64 [installed]
htop/jammy,now 3.0.5-7build2 amd64 [installed]
init-system-helpers/jammy,now 1.62 all [installed]
iproute2/jammy,now 5.15.0-1ubuntu2 amd64 [installed]
iputils-ping/jammy,now 3:20211215-1 amd64 [installed]
jq/jammy,now 1.6-2.1ubuntu3 amd64 [installed]
less/jammy-updates,jammy-security,now 590-1ubuntu0.22.04.1 amd64 [installed]
libacl1/jammy,now 2.3.1-1 amd64 [installed]
libaom3/jammy,now 3.3.0-1 amd64 [installed,automatic]
libapache-pom-java/jammy,now 18-1 all [installed,automatic]
libapparmor1/jammy-updates,now 3.0.4-2ubuntu2.1 amd64 [installed,automatic]
libapt-pkg6.0/jammy-updates,now 2.4.8 amd64 [installed]
libasan6/jammy-updates,jammy-security,now 11.3.0-1ubuntu1~22.04 amd64 [installed,automatic]
libasound2-data/jammy,now 1.2.6.1-1ubuntu1 all [installed,automatic]
libasound2/jammy,now 1.2.6.1-1ubuntu1 amd64 [installed,automatic]
libass9/jammy,now 1:0.15.2-1 amd64 [installed,automatic]
libassuan0/jammy,now 2.5.5-1build1 amd64 [installed,automatic]
libasyncns0/jammy,now 0.8-6build2 amd64 [installed,automatic]
libatomic1/jammy-updates,jammy-security,now 12.1.0-2ubuntu1~22.04 amd64 [installed,automatic]
libattr1/jammy,now 1:2.5.1-1build1 amd64 [installed]
libaudit-common/jammy,now 1:3.0.7-1build1 all [installed]
libaudit1/jammy,now 1:3.0.7-1build1 amd64 [installed]
libavahi-client3/jammy,now 0.8-5ubuntu5 amd64 [installed,automatic]
libavahi-common-data/jammy,now 0.8-5ubuntu5 amd64 [installed,automatic]
libavahi-common3/jammy,now 0.8-5ubuntu5 amd64 [installed,automatic]
libavc1394-0/jammy,now 0.5.4-5build2 amd64 [installed,automatic]
libavcodec58/jammy-updates,jammy-security,now 7:4.4.2-0ubuntu0.22.04.1 amd64 [installed,automatic]
libavdevice58/jammy-updates,jammy-security,now 7:4.4.2-0ubuntu0.22.04.1 amd64 [installed,automatic]
libavfilter7/jammy-updates,jammy-security,now 7:4.4.2-0ubuntu0.22.04.1 amd64 [installed,automatic]
libavformat58/jammy-updates,jammy-security,now 7:4.4.2-0ubuntu0.22.04.1 amd64 [installed,automatic]
libavutil56/jammy-updates,jammy-security,now 7:4.4.2-0ubuntu0.22.04.1 amd64 [installed,automatic]
libbinutils/jammy-updates,jammy-security,now 2.38-4ubuntu2.1 amd64 [installed,automatic]
libblas3/jammy,now 3.10.0-2ubuntu1 amd64 [installed,automatic]
libblkid1/jammy,now 2.37.2-4ubuntu3 amd64 [installed]
libbluray2/jammy,now 1:1.3.1-1 amd64 [installed,automatic]
libbpf0/jammy-updates,jammy-security,now 1:0.5.0-1ubuntu22.04.1 amd64 [installed,automatic]
libbrotli1/jammy,now 1.0.9-2build6 amd64 [installed,automatic]
libbs2b0/jammy,now 3.1.0+dfsg-2.2build1 amd64 [installed,automatic]
libbsd0/jammy,now 0.11.5-1 amd64 [installed,automatic]
libbz2-1.0/jammy,now 1.0.8-5build1 amd64 [installed]
libc-bin/jammy-updates,now 2.35-0ubuntu3.1 amd64 [installed]
libc-dev-bin/jammy-updates,now 2.35-0ubuntu3.1 amd64 [installed,automatic]
libc6-dev/jammy-updates,now 2.35-0ubuntu3.1 amd64 [installed,automatic]
libc6/jammy-updates,now 2.35-0ubuntu3.1 amd64 [installed]
libcaca0/jammy,now 0.99.beta19-2.2ubuntu4 amd64 [installed,automatic]
libcairo-gobject2/jammy,now 1.16.0-5ubuntu2 amd64 [installed,automatic]
libcairo2/jammy,now 1.16.0-5ubuntu2 amd64 [installed,automatic]
libcap-ng0/jammy,now 0.7.9-2.2build3 amd64 [installed]
libcap2-bin/jammy,now 1:2.44-1build3 amd64 [installed,automatic]
libcap2/jammy,now 1:2.44-1build3 amd64 [installed]
libcbor0.8/jammy,now 0.8.0-2ubuntu1 amd64 [installed,automatic]
libcc1-0/jammy-updates,jammy-security,now 12.1.0-2ubuntu1~22.04 amd64 [installed,automatic]
libcdio-cdda2/jammy,now 10.2+2.0.0-1build3 amd64 [installed,automatic]
libcdio-paranoia2/jammy,now 10.2+2.0.0-1build3 amd64 [installed,automatic]
libcdio19/jammy,now 2.1.0-3build1 amd64 [installed,automatic]
libchromaprint1/jammy,now 1.5.1-2 amd64 [installed,automatic]
libcmark-gfm-extensions0.29.0.gfm.3/jammy,now 0.29.0.gfm.3-3 amd64 [installed,automatic]
libcmark-gfm0.29.0.gfm.3/jammy,now 0.29.0.gfm.3-3 amd64 [installed,automatic]
libcodec2-1.0/jammy,now 1.0.1-3 amd64 [installed,automatic]
libcom-err2/jammy-updates,jammy-security,now 1.46.5-2ubuntu1.1 amd64 [installed]
libcommons-logging-java/jammy,now 1.2-2 all [installed,automatic]
libcommons-parent-java/jammy,now 43-1 all [installed,automatic]
libcrypt-dev/jammy,now 1:4.4.27-1 amd64 [installed,automatic]
libcrypt1/jammy,now 1:4.4.27-1 amd64 [installed]
libctf-nobfd0/jammy-updates,jammy-security,now 2.38-4ubuntu2.1 amd64 [installed,automatic]
libctf0/jammy-updates,jammy-security,now 2.38-4ubuntu2.1 amd64 [installed,automatic]
libcups2/jammy-updates,jammy-security,now 2.4.1op1-1ubuntu4.1 amd64 [installed,automatic]
libcurl3-gnutls/jammy-updates,jammy-security,now 7.81.0-1ubuntu1.8 amd64 [installed,automatic]
libcurl4/jammy-updates,jammy-security,now 7.81.0-1ubuntu1.8 amd64 [installed,automatic]
libdatrie1/jammy,now 0.2.13-2 amd64 [installed,automatic]
libdav1d5/jammy,now 0.9.2-1 amd64 [installed,automatic]
libdb5.3/jammy,now 5.3.28+dfsg1-0.8ubuntu3 amd64 [installed]
libdbus-1-3/jammy-updates,jammy-security,now 1.12.20-2ubuntu4.1 amd64 [installed,automatic]
libdc1394-25/jammy,now 2.2.6-4 amd64 [installed,automatic]
libdebconfclient0/jammy,now 0.261ubuntu1 amd64 [installed]
libdecor-0-0/jammy,now 0.1.0-3build1 amd64 [installed,automatic]
libdeflate0/jammy,now 1.10-2 amd64 [installed,automatic]
libdpkg-perl/jammy-updates,jammy-security,now 1.21.1ubuntu2.1 all [installed,automatic]
libdrm-amdgpu1/jammy-updates,now 2.4.113-2~ubuntu0.22.04.1 amd64 [installed,automatic]
libdrm-common/jammy-updates,now 2.4.113-2~ubuntu0.22.04.1 all [installed,automatic]
libdrm-nouveau2/jammy-updates,now 2.4.113-2~ubuntu0.22.04.1 amd64 [installed,automatic]
libdrm-radeon1/jammy-updates,now 2.4.113-2~ubuntu0.22.04.1 amd64 [installed,automatic]
libdrm2/jammy-updates,now 2.4.113-2~ubuntu0.22.04.1 amd64 [installed,automatic]
libedit2/jammy,now 3.1-20210910-1build1 amd64 [installed,automatic]
libelf1/jammy,now 0.186-1build1 amd64 [installed,automatic]
liberror-perl/jammy,now 0.17029-1 all [installed,automatic]
libexpat1/jammy-updates,jammy-security,now 2.4.7-1ubuntu0.2 amd64 [installed,automatic]
libext2fs2/jammy-updates,jammy-security,now 1.46.5-2ubuntu1.1 amd64 [installed]
libffi8/jammy,now 3.4.2-4 amd64 [installed]
libfido2-1/jammy,now 1.10.0-1 amd64 [installed,automatic]
libflac8/jammy-updates,jammy-security,now 1.3.3-2ubuntu0.1 amd64 [installed,automatic]
libflite1/jammy,now 2.2-3 amd64 [installed,automatic]
libfontbox-java/jammy,now 1:1.8.16-2 all [installed,automatic]
libfontconfig1/jammy,now 2.13.1-4.2ubuntu5 amd64 [installed,automatic]
libfreetype6/jammy-updates,jammy-security,now 2.11.1+dfsg-1ubuntu0.1 amd64 [installed,automatic]
libfribidi0/jammy-updates,jammy-security,now 1.0.8-2ubuntu3.1 amd64 [installed,automatic]
libgbm1/jammy-updates,now 22.2.5-0ubuntu0.1~22.04.1 amd64 [installed,automatic]
libgcc-11-dev/jammy-updates,jammy-security,now 11.3.0-1ubuntu1~22.04 amd64 [installed,automatic]
libgcc-s1/jammy-updates,jammy-security,now 12.1.0-2ubuntu1~22.04 amd64 [installed]
libgcrypt20/jammy,now 1.9.4-3ubuntu3 amd64 [installed]
libgd3/jammy,now 2.3.0-2ubuntu2 amd64 [installed,automatic]
libgdbm-compat4/jammy,now 1.23-1 amd64 [installed,automatic]
libgdbm6/jammy,now 1.23-1 amd64 [installed,automatic]
libgdk-pixbuf-2.0-0/jammy-updates,now 2.42.8+dfsg-1ubuntu0.2 amd64 [installed,automatic]
libgdk-pixbuf2.0-common/jammy-updates,now 2.42.8+dfsg-1ubuntu0.2 all [installed,automatic]
libgfortran-11-dev/jammy-updates,jammy-security,now 11.3.0-1ubuntu1~22.04 amd64 [installed,automatic]
libgfortran5/jammy-updates,jammy-security,now 12.1.0-2ubuntu1~22.04 amd64 [installed,automatic]
libgl1-mesa-dri/jammy-updates,now 22.2.5-0ubuntu0.1~22.04.1 amd64 [installed,automatic]
libgl1/jammy,now 1.4.0-1 amd64 [installed,automatic]
libglapi-mesa/jammy-updates,now 22.2.5-0ubuntu0.1~22.04.1 amd64 [installed,automatic]
libglib2.0-0/jammy-updates,now 2.72.4-0ubuntu1 amd64 [installed,automatic]
libglvnd0/jammy,now 1.4.0-1 amd64 [installed,automatic]
libglx-mesa0/jammy-updates,now 22.2.5-0ubuntu0.1~22.04.1 amd64 [installed,automatic]
libglx0/jammy,now 1.4.0-1 amd64 [installed,automatic]
libgme0/jammy,now 0.6.3-2 amd64 [installed,automatic]
libgmp10/jammy,now 2:6.2.1+dfsg-3ubuntu1 amd64 [installed]
libgnutls30/jammy-updates,jammy-security,now 3.7.3-4ubuntu1.2 amd64 [installed]
libgomp1/jammy-updates,jammy-security,now 12.1.0-2ubuntu1~22.04 amd64 [installed,automatic]
libgpg-error0/jammy,now 1.43-3 amd64 [installed]
libgpm2/jammy,now 1.20.7-10build1 amd64 [installed,automatic]
libgraphite2-3/jammy,now 1.3.14-1build2 amd64 [installed,automatic]
libgs9-common/jammy-updates,jammy-security,now 9.55.0~dfsg1-0ubuntu5.1 all [installed,automatic]
libgs9/jammy-updates,jammy-security,now 9.55.0~dfsg1-0ubuntu5.1 amd64 [installed,automatic]
libgsm1/jammy,now 1.0.19-1 amd64 [installed,automatic]
libgssapi-krb5-2/jammy-updates,jammy-security,now 1.19.2-2ubuntu0.1 amd64 [installed]
libharfbuzz0b/jammy-updates,jammy-security,now 2.7.4-1ubuntu3.1 amd64 [installed,automatic]
libhogweed6/jammy,now 3.7.3-1build2 amd64 [installed]
libice6/jammy,now 2:1.0.10-1build2 amd64 [installed,automatic]
libicu70/jammy,now 70.1-2 amd64 [installed]
libidn12/jammy,now 1.38-4build1 amd64 [installed,automatic]
libidn2-0/jammy,now 2.3.2-2build1 amd64 [installed]
libiec61883-0/jammy,now 1.2.0-4build3 amd64 [installed,automatic]
libijs-0.35/jammy,now 0.35-15build2 amd64 [installed,automatic]
libisl23/jammy,now 0.24-2build1 amd64 [installed,automatic]
libitm1/jammy-updates,jammy-security,now 12.1.0-2ubuntu1~22.04 amd64 [installed,automatic]
libjack-jackd2-0/jammy,now 1.9.20~dfsg-1 amd64 [installed,automatic]
libjbig0/jammy-updates,jammy-security,now 2.1-3.1ubuntu0.22.04.1 amd64 [installed,automatic]
libjbig2dec0/jammy,now 0.19-3build2 amd64 [installed,automatic]
libjpeg-turbo8/jammy,now 2.1.2-0ubuntu1 amd64 [installed,automatic]
libjpeg8/jammy,now 8c-2ubuntu10 amd64 [installed,automatic]
libjq1/jammy,now 1.6-2.1ubuntu3 amd64 [installed,automatic]
libk5crypto3/jammy-updates,jammy-security,now 1.19.2-2ubuntu0.1 amd64 [installed]
libkeyutils1/jammy,now 1.6.1-2ubuntu3 amd64 [installed]
libkpathsea6/jammy,now 2021.20210626.59705-1build1 amd64 [installed,automatic]
libkrb5-3/jammy-updates,jammy-security,now 1.19.2-2ubuntu0.1 amd64 [installed]
libkrb5support0/jammy-updates,jammy-security,now 1.19.2-2ubuntu0.1 amd64 [installed]
libksba8/jammy-updates,jammy-security,now 1.6.0-2ubuntu0.2 amd64 [installed,automatic]
liblapack3/jammy,now 3.10.0-2ubuntu1 amd64 [installed,automatic]
libldap-2.5-0/jammy-updates,now 2.5.13+dfsg-0ubuntu0.22.04.1 amd64 [installed,automatic]
liblilv-0-0/jammy,now 0.24.12-2 amd64 [installed,automatic]
libllvm15/jammy-updates,now 1:15.0.6-3~ubuntu0.22.04.2 amd64 [installed,automatic]
liblsan0/jammy-updates,jammy-security,now 12.1.0-2ubuntu1~22.04 amd64 [installed,automatic]
liblttng-ust-common1/jammy,now 2.13.1-1ubuntu1 amd64 [installed,automatic]
liblttng-ust-ctl5/jammy,now 2.13.1-1ubuntu1 amd64 [installed,automatic]
liblttng-ust1/jammy,now 2.13.1-1ubuntu1 amd64 [installed]
liblz4-1/jammy,now 1.9.3-2build2 amd64 [installed]
liblzma5/jammy,now 5.2.5-2ubuntu1 amd64 [installed]
libmd0/jammy,now 1.0.4-1build1 amd64 [installed,automatic]
libmfx1/jammy,now 22.3.0-1 amd64 [installed,automatic]
libmnl0/jammy,now 1.0.4-3build2 amd64 [installed,automatic]
libmount1/jammy,now 2.37.2-4ubuntu3 amd64 [installed]
libmp3lame0/jammy,now 3.100-3build2 amd64 [installed,automatic]
libmpc3/jammy,now 1.2.1-2build1 amd64 [installed,automatic]
libmpdec3/jammy,now 2.5.1-2build2 amd64 [installed,automatic]
libmpfr6/jammy,now 4.1.0-3build3 amd64 [installed,automatic]
libmpg123-0/jammy,now 1.29.3-1build1 amd64 [installed,automatic]
libmysofa1/jammy,now 1.2.1~dfsg0-1 amd64 [installed,automatic]
libncurses6/jammy,now 6.3-2 amd64 [installed]
libncursesw6/jammy,now 6.3-2 amd64 [installed]
libnettle8/jammy,now 3.7.3-1build2 amd64 [installed]
libnghttp2-14/jammy,now 1.43.0-1build3 amd64 [installed,automatic]
libnl-3-200/jammy,now 3.5.0-0.1 amd64 [installed,automatic]
libnl-genl-3-200/jammy,now 3.5.0-0.1 amd64 [installed,automatic]
libnorm1/jammy,now 1.5.9+dfsg-2 amd64 [installed,automatic]
libnpth0/jammy,now 1.6-3build2 amd64 [installed,automatic]
libnsl-dev/jammy,now 1.3.0-2build2 amd64 [installed,automatic]
libnsl2/jammy,now 1.3.0-2build2 amd64 [installed]
libnuma1/jammy,now 2.0.14-3ubuntu2 amd64 [installed,automatic]
libogg0/jammy,now 1.3.5-0ubuntu3 amd64 [installed,automatic]
libonig5/jammy,now 6.9.7.1-2build1 amd64 [installed,automatic]
libopenal-data/jammy,now 1:1.19.1-2build3 all [installed,automatic]
libopenal1/jammy,now 1:1.19.1-2build3 amd64 [installed,automatic]
libopenjp2-7/jammy,now 2.4.0-6 amd64 [installed,automatic]
libopenmpt0/jammy,now 0.6.1-1 amd64 [installed,automatic]
libopus0/jammy,now 1.3.1-0.1build2 amd64 [installed,automatic]
libp11-kit0/jammy,now 0.24.0-6build1 amd64 [installed]
libpam-modules-bin/jammy-updates,jammy-security,now 1.4.0-11ubuntu2.3 amd64 [installed]
libpam-modules/jammy-updates,jammy-security,now 1.4.0-11ubuntu2.3 amd64 [installed]
libpam-runtime/jammy-updates,jammy-security,now 1.4.0-11ubuntu2.3 all [installed]
libpam0g/jammy-updates,jammy-security,now 1.4.0-11ubuntu2.3 amd64 [installed]
libpango-1.0-0/jammy,now 1.50.6+ds-2 amd64 [installed,automatic]
libpangocairo-1.0-0/jammy,now 1.50.6+ds-2 amd64 [installed,automatic]
libpangoft2-1.0-0/jammy,now 1.50.6+ds-2 amd64 [installed,automatic]
libpaper-utils/jammy,now 1.1.28build2 amd64 [installed,automatic]
libpaper1/jammy,now 1.1.28build2 amd64 [installed,automatic]
libpcre2-8-0/jammy-updates,jammy-security,now 10.39-3ubuntu0.1 amd64 [installed]
libpcre3/jammy-updates,jammy-security,now 2:8.39-13ubuntu0.22.04.1 amd64 [installed]
libpdfbox-java/jammy,now 1:1.8.16-2 all [installed,automatic]
libperl5.34/jammy-updates,jammy-security,now 5.34.0-3ubuntu1.1 amd64 [installed,automatic]
libpgm-5.3-0/jammy,now 5.3.128~dfsg-2 amd64 [installed,automatic]
libpipeline1/jammy,now 1.5.5-1 amd64 [installed,automatic]
libpixman-1-0/jammy-updates,jammy-security,now 0.40.0-1ubuntu0.22.04.1 amd64 [installed,automatic]
libpng16-16/jammy,now 1.6.37-3build5 amd64 [installed,automatic]
libpocketsphinx3/jammy,now 0.8.0+real5prealpha+1-14ubuntu1 amd64 [installed,automatic]
libpopt0/jammy,now 1.18-3build1 amd64 [installed,automatic]
libpostproc55/jammy-updates,jammy-security,now 7:4.4.2-0ubuntu0.22.04.1 amd64 [installed,automatic]
libprocps8/jammy,now 2:3.3.17-6ubuntu2 amd64 [installed]
libpsl5/jammy,now 0.21.0-1.2build2 amd64 [installed,automatic]
libptexenc1/jammy,now 2021.20210626.59705-1build1 amd64 [installed,automatic]
libpulse0/jammy-updates,now 1:15.99.1+dfsg1-1ubuntu2 amd64 [installed,automatic]
libpython3-stdlib/jammy-updates,now 3.10.6-1~22.04 amd64 [installed,automatic]
libpython3.10-minimal/jammy-updates,jammy-security,now 3.10.6-1~22.04.2 amd64 [installed,automatic]
libpython3.10-stdlib/jammy-updates,jammy-security,now 3.10.6-1~22.04.2 amd64 [installed,automatic]
libpython3.10/jammy-updates,jammy-security,now 3.10.6-1~22.04.2 amd64 [installed,automatic]
libquadmath0/jammy-updates,jammy-security,now 12.1.0-2ubuntu1~22.04 amd64 [installed,automatic]
librabbitmq4/jammy,now 0.10.0-1ubuntu2 amd64 [installed,automatic]
libraw1394-11/jammy,now 2.1.2-2build2 amd64 [installed,automatic]
libreadline8/jammy,now 8.1.2-1 amd64 [installed,automatic]
librsvg2-2/jammy,now 2.52.5+dfsg-3 amd64 [installed,automatic]
librtmp1/jammy,now 2.4+20151223.gitfa8646d.1-2build4 amd64 [installed,automatic]
librubberband2/jammy,now 2.0.0-2 amd64 [installed,automatic]
libsamplerate0/jammy,now 0.2.2-1build1 amd64 [installed,automatic]
libsasl2-2/jammy-updates,now 2.1.27+dfsg2-3ubuntu1.1 amd64 [installed,automatic]
libsasl2-modules-db/jammy-updates,now 2.1.27+dfsg2-3ubuntu1.1 amd64 [installed,automatic]
libsdl2-2.0-0/jammy-updates,now 2.0.20+dfsg-2ubuntu1.22.04.1 amd64 [installed,automatic]
libseccomp2/jammy,now 2.5.3-2ubuntu2 amd64 [installed]
libselinux1/jammy,now 3.3-1build2 amd64 [installed]
libsemanage-common/jammy,now 3.3-1build2 all [installed]
libsemanage2/jammy,now 3.3-1build2 amd64 [installed]
libsensors-config/jammy,now 1:3.6.0-7ubuntu1 all [installed,automatic]
libsensors5/jammy,now 1:3.6.0-7ubuntu1 amd64 [installed,automatic]
libsepol2/jammy,now 3.3-1build1 amd64 [installed]
libserd-0-0/jammy,now 0.30.10-2 amd64 [installed,automatic]
libshine3/jammy,now 3.1.1-2 amd64 [installed,automatic]
libslang2/jammy,now 2.3.2-5build4 amd64 [installed,automatic]
libsm6/jammy,now 2:1.2.3-1build2 amd64 [installed,automatic]
libsmartcols1/jammy,now 2.37.2-4ubuntu3 amd64 [installed]
libsnappy1v5/jammy,now 1.1.8-1build3 amd64 [installed,automatic]
libsndfile1/jammy,now 1.0.31-2build1 amd64 [installed,automatic]
libsndio7.0/jammy,now 1.8.1-1.1 amd64 [installed,automatic]
libsodium23/jammy,now 1.0.18-1build2 amd64 [installed,automatic]
libsord-0-0/jammy,now 0.16.8-2 amd64 [installed,automatic]
libsoxr0/jammy,now 0.1.3-4build2 amd64 [installed,automatic]
libspeex1/jammy,now 1.2~rc1.2-1.1ubuntu3 amd64 [installed,automatic]
libsphinxbase3/jammy,now 0.8+5prealpha+1-13build1 amd64 [installed,automatic]
libsqlite3-0/jammy-updates,jammy-security,now 3.37.2-2ubuntu0.1 amd64 [installed,automatic]
libsratom-0-0/jammy,now 0.6.8-1 amd64 [installed,automatic]
libsrt1.4-gnutls/jammy,now 1.4.4-4 amd64 [installed,automatic]
libss2/jammy-updates,jammy-security,now 1.46.5-2ubuntu1.1 amd64 [installed]
libssh-4/jammy,now 0.9.6-2build1 amd64 [installed,automatic]
libssh-gcrypt-4/jammy,now 0.9.6-2build1 amd64 [installed,automatic]
libssl3/jammy-updates,jammy-security,now 3.0.2-0ubuntu1.8 amd64 [installed]
libstdc++-11-dev/jammy-updates,jammy-security,now 11.3.0-1ubuntu1~22.04 amd64 [installed,automatic]
libstdc++6/jammy-updates,jammy-security,now 12.1.0-2ubuntu1~22.04 amd64 [installed]
libswresample3/jammy-updates,jammy-security,now 7:4.4.2-0ubuntu0.22.04.1 amd64 [installed,automatic]
libswscale5/jammy-updates,jammy-security,now 7:4.4.2-0ubuntu0.22.04.1 amd64 [installed,automatic]
libsynctex2/jammy,now 2021.20210626.59705-1build1 amd64 [installed,automatic]
libsystemd0/jammy-updates,now 249.11-0ubuntu3.6 amd64 [installed]
libtasn1-6/jammy,now 4.18.0-4build1 amd64 [installed]
libteckit0/jammy,now 2.5.11+ds1-1 amd64 [installed,automatic]
libtexlua53/jammy,now 2021.20210626.59705-1build1 amd64 [installed,automatic]
libtexluajit2/jammy,now 2021.20210626.59705-1build1 amd64 [installed,automatic]
libthai-data/jammy,now 0.1.29-1build1 all [installed,automatic]
libthai0/jammy,now 0.1.29-1build1 amd64 [installed,automatic]
libtheora0/jammy,now 1.1.1+dfsg.1-15ubuntu4 amd64 [installed,automatic]
libtiff5/jammy-updates,jammy-security,now 4.3.0-6ubuntu0.3 amd64 [installed,automatic]
libtinfo6/jammy,now 6.3-2 amd64 [installed]
libtirpc-common/jammy-updates,jammy-security,now 1.3.2-2ubuntu0.1 all [installed]
libtirpc-dev/jammy-updates,jammy-security,now 1.3.2-2ubuntu0.1 amd64 [installed,automatic]
libtirpc3/jammy-updates,jammy-security,now 1.3.2-2ubuntu0.1 amd64 [installed]
libtsan0/jammy-updates,jammy-security,now 11.3.0-1ubuntu1~22.04 amd64 [installed,automatic]
libtwolame0/jammy,now 0.4.0-2build2 amd64 [installed,automatic]
libubsan1/jammy-updates,jammy-security,now 12.1.0-2ubuntu1~22.04 amd64 [installed,automatic]
libuchardet0/jammy,now 0.0.7-1build2 amd64 [installed,automatic]
libudev1/jammy-updates,now 249.11-0ubuntu3.6 amd64 [installed]
libudfread0/jammy,now 1.1.2-1 amd64 [installed,automatic]
libunistring2/jammy,now 1.0-1 amd64 [installed]
libunwind8/jammy,now 1.3.2-2build2 amd64 [installed,automatic]
libusb-1.0-0/jammy-updates,now 2:1.0.25-1ubuntu2 amd64 [installed,automatic]
libuuid1/jammy,now 2.37.2-4ubuntu3 amd64 [installed]
libva-drm2/jammy,now 2.14.0-1 amd64 [installed,automatic]
libva-x11-2/jammy,now 2.14.0-1 amd64 [installed,automatic]
libva2/jammy,now 2.14.0-1 amd64 [installed,automatic]
libvdpau1/jammy,now 1.4-3build2 amd64 [installed,automatic]
libvidstab1.1/jammy,now 1.1.0-2 amd64 [installed,automatic]
libvorbis0a/jammy,now 1.3.7-1build2 amd64 [installed,automatic]
libvorbisenc2/jammy,now 1.3.7-1build2 amd64 [installed,automatic]
libvorbisfile3/jammy,now 1.3.7-1build2 amd64 [installed,automatic]
libvpx7/jammy,now 1.11.0-2ubuntu2 amd64 [installed,automatic]
libwayland-client0/jammy-updates,jammy-security,now 1.20.0-1ubuntu0.1 amd64 [installed,automatic]
libwayland-cursor0/jammy-updates,jammy-security,now 1.20.0-1ubuntu0.1 amd64 [installed,automatic]
libwayland-egl1/jammy-updates,jammy-security,now 1.20.0-1ubuntu0.1 amd64 [installed,automatic]
libwayland-server0/jammy-updates,jammy-security,now 1.20.0-1ubuntu0.1 amd64 [installed,automatic]
libwebp7/jammy,now 1.2.2-2 amd64 [installed,automatic]
libwebpmux3/jammy,now 1.2.2-2 amd64 [installed,automatic]
libx11-6/jammy,now 2:1.7.5-1 amd64 [installed,automatic]
libx11-data/jammy,now 2:1.7.5-1 all [installed,automatic]
libx11-xcb1/jammy,now 2:1.7.5-1 amd64 [installed,automatic]
libx264-163/jammy,now 2:0.163.3060+git5db6aa6-2build1 amd64 [installed,automatic]
libx265-199/jammy,now 3.5-2 amd64 [installed,automatic]
libxau6/jammy,now 1:1.0.9-1build5 amd64 [installed,automatic]
libxaw7/jammy,now 2:1.0.14-1 amd64 [installed,automatic]
libxcb-dri2-0/jammy,now 1.14-3ubuntu3 amd64 [installed,automatic]
libxcb-dri3-0/jammy,now 1.14-3ubuntu3 amd64 [installed,automatic]
libxcb-glx0/jammy,now 1.14-3ubuntu3 amd64 [installed,automatic]
libxcb-present0/jammy,now 1.14-3ubuntu3 amd64 [installed,automatic]
libxcb-render0/jammy,now 1.14-3ubuntu3 amd64 [installed,automatic]
libxcb-shape0/jammy,now 1.14-3ubuntu3 amd64 [installed,automatic]
libxcb-shm0/jammy,now 1.14-3ubuntu3 amd64 [installed,automatic]
libxcb-sync1/jammy,now 1.14-3ubuntu3 amd64 [installed,automatic]
libxcb-xfixes0/jammy,now 1.14-3ubuntu3 amd64 [installed,automatic]
libxcb1/jammy,now 1.14-3ubuntu3 amd64 [installed,automatic]
libxcursor1/jammy,now 1:1.2.0-2build4 amd64 [installed,automatic]
libxdmcp6/jammy,now 1:1.1.3-0ubuntu5 amd64 [installed,automatic]
libxext6/jammy,now 2:1.3.4-1build1 amd64 [installed,automatic]
libxfixes3/jammy,now 1:6.0.0-1 amd64 [installed,automatic]
libxi6/jammy,now 2:1.8-1build1 amd64 [installed,automatic]
libxinerama1/jammy,now 2:1.1.4-3 amd64 [installed,automatic]
libxkbcommon0/jammy,now 1.4.0-1 amd64 [installed,automatic]
libxml2/jammy-updates,jammy-security,now 2.9.13+dfsg-1ubuntu0.2 amd64 [installed,automatic]
libxmu6/jammy,now 2:1.1.3-3 amd64 [installed,automatic]
libxpm4/jammy-updates,jammy-security,now 1:3.5.12-1ubuntu0.22.04.1 amd64 [installed,automatic]
libxrandr2/jammy,now 2:1.5.2-1build1 amd64 [installed,automatic]
libxrender1/jammy,now 1:0.9.10-1build4 amd64 [installed,automatic]
libxshmfence1/jammy,now 1.3-1build4 amd64 [installed,automatic]
libxss1/jammy,now 1:1.2.3-1build2 amd64 [installed,automatic]
libxt6/jammy,now 1:1.2.1-1 amd64 [installed,automatic]
libxtables12/jammy,now 1.8.7-1ubuntu5 amd64 [installed,automatic]
libxv1/jammy,now 2:1.0.11-1build2 amd64 [installed,automatic]
libxvidcore4/jammy,now 2:1.3.7-1 amd64 [installed,automatic]
libxxf86vm1/jammy,now 1:1.1.4-1build3 amd64 [installed,automatic]
libxxhash0/jammy,now 0.8.1-1 amd64 [installed]
libzimg2/jammy,now 3.0.3+ds1-1 amd64 [installed,automatic]
libzmq5/jammy,now 4.3.4-2 amd64 [installed,automatic]
libzstd1/jammy,now 1.4.8+dfsg-3build1 amd64 [installed]
libzvbi-common/jammy,now 0.2.35-19 all [installed,automatic]
libzvbi0/jammy,now 0.2.35-19 amd64 [installed,automatic]
libzzip-0-13/jammy,now 0.13.72+dfsg.1-1.1 amd64 [installed,automatic]
linux-libc-dev/jammy-updates,jammy-security,now 5.15.0-60.66 amd64 [installed,automatic]
locales/jammy-updates,now 2.35-0ubuntu3.1 all [installed]
login/jammy-updates,jammy-security,now 1:4.8.1-2ubuntu2.1 amd64 [installed]
logsave/jammy-updates,jammy-security,now 1.46.5-2ubuntu1.1 amd64 [installed]
lsb-base/jammy,now 11.1.0ubuntu4 all [installed]
lsb-release/jammy,now 11.1.0ubuntu4 all [installed]
lsof/jammy,now 4.93.2+dfsg-1.1build2 amd64 [installed]
lto-disabled-list/jammy,now 24 all [installed,automatic]
make/jammy,now 4.3-4.1build1 amd64 [installed,automatic]
man-db/jammy,now 2.10.2-1 amd64 [installed]
manpages-dev/jammy,now 5.10-1ubuntu1 all [installed]
manpages/jammy,now 5.10-1ubuntu1 all [installed]
mawk/jammy,now 1.3.4.20200120-3 amd64 [installed]
media-types/jammy,now 7.0.0 all [installed,automatic]
mount/jammy,now 2.37.2-4ubuntu3 amd64 [installed]
nano-tiny/jammy,now 6.2-1 amd64 [installed]
nano/jammy,now 6.2-1 amd64 [installed]
ncdu/jammy,now 1.15.1-1 amd64 [installed]
ncurses-base/jammy,now 6.3-2 all [installed]
ncurses-bin/jammy,now 6.3-2 amd64 [installed]
net-tools/jammy,now 1.60+git20181103.0eebece-1ubuntu5 amd64 [installed]
ocl-icd-libopencl1/jammy,now 2.2.14-3 amd64 [installed,automatic]
openssh-client/jammy-updates,now 1:8.9p1-3ubuntu0.1 amd64 [installed]
openssl/jammy-updates,jammy-security,now 3.0.2-0ubuntu1.8 amd64 [installed,automatic]
pandoc-data/jammy,now 2.9.2.1-3ubuntu2 all [installed,automatic]
pandoc/jammy,now 2.9.2.1-3ubuntu2 amd64 [installed]
passwd/jammy-updates,jammy-security,now 1:4.8.1-2ubuntu2.1 amd64 [installed]
patch/jammy,now 2.7.6-7build2 amd64 [installed,automatic]
perl-base/jammy-updates,jammy-security,now 5.34.0-3ubuntu1.1 amd64 [installed]
perl-modules-5.34/jammy-updates,jammy-security,now 5.34.0-3ubuntu1.1 all [installed,automatic]
perl/jammy-updates,jammy-security,now 5.34.0-3ubuntu1.1 amd64 [installed,automatic]
pfb2t1c2pfb/jammy,now 0.3-11 amd64 [installed,automatic]
pinentry-curses/jammy,now 1.1.1-1build2 amd64 [installed,automatic]
poppler-data/jammy,now 0.4.11-1 all [installed,automatic]
preview-latex-style/jammy,now 12.2-1ubuntu1 all [installed,automatic]
procps/jammy,now 2:3.3.17-6ubuntu2 amd64 [installed]
psmisc/jammy,now 23.4-2build3 amd64 [installed]
python3-minimal/jammy-updates,now 3.10.6-1~22.04 amd64 [installed,automatic]
python3.10-minimal/jammy-updates,jammy-security,now 3.10.6-1~22.04.2 amd64 [installed,automatic]
python3.10/jammy-updates,jammy-security,now 3.10.6-1~22.04.2 amd64 [installed,automatic]
python3/jammy-updates,now 3.10.6-1~22.04 amd64 [installed,automatic]
readline-common/jammy,now 8.1.2-1 all [installed,automatic]
rpcsvc-proto/jammy,now 1.4.2-0ubuntu6 amd64 [installed,automatic]
rsync/jammy-updates,now 3.2.3-8ubuntu3.1 amd64 [installed]
run-one/jammy,now 1.17-0ubuntu1 all [installed]
sed/jammy,now 4.8-1ubuntu2 amd64 [installed]
sensible-utils/jammy,now 0.0.17 all [installed]
shared-mime-info/jammy,now 2.1-2 amd64 [installed,automatic]
strace/jammy,now 5.16-0ubuntu3 amd64 [installed]
sudo/jammy-updates,jammy-security,now 1.9.9-1ubuntu2.2 amd64 [installed]
sysvinit-utils/jammy,now 3.01-1ubuntu1 amd64 [installed]
t1utils/jammy,now 1.41-4build2 amd64 [installed,automatic]
tar/jammy-updates,jammy-security,now 1.34+dfsg-1ubuntu0.1.22.04.1 amd64 [installed]
teckit/jammy,now 2.5.11+ds1-1 amd64 [installed,automatic]
tex-common/jammy,now 6.17 all [installed,automatic]
texlive-base/jammy,now 2021.20220204-1 all [installed,automatic]
texlive-binaries/jammy,now 2021.20210626.59705-1build1 amd64 [installed,automatic]
texlive-fonts-recommended/jammy,now 2021.20220204-1 all [installed]
texlive-latex-base/jammy,now 2021.20220204-1 all [installed,automatic]
texlive-latex-extra/jammy,now 2021.20220204-1 all [installed,automatic]
texlive-latex-recommended/jammy,now 2021.20220204-1 all [installed,automatic]
texlive-pictures/jammy,now 2021.20220204-1 all [installed,automatic]
texlive-plain-generic/jammy,now 2021.20220204-1 all [installed]
texlive-xetex/jammy,now 2021.20220204-1 all [installed]
tini/jammy,now 0.19.0-1 amd64 [installed]
tipa/jammy,now 2:1.3-21 all [installed,automatic]
traceroute/jammy,now 1:2.1.0-2 amd64 [installed]
tzdata/jammy-updates,jammy-security,now 2022g-0ubuntu0.22.04.1 all [installed]
ubuntu-keyring/jammy,now 2021.03.26 all [installed]
ucf/jammy,now 3.0043 all [installed,automatic]
unzip/jammy-updates,jammy-security,now 6.0-26ubuntu3.1 amd64 [installed]
usrmerge/jammy,now 25ubuntu2 all [installed]
util-linux/jammy,now 2.37.2-4ubuntu3 amd64 [installed]
vim-common/jammy-updates,jammy-security,now 2:8.2.3995-1ubuntu2.3 all [installed,automatic]
vim-runtime/jammy-updates,jammy-security,now 2:8.2.3995-1ubuntu2.3 all [installed,automatic]
vim-tiny/jammy-updates,jammy-security,now 2:8.2.3995-1ubuntu2.3 amd64 [installed]
vim/jammy-updates,jammy-security,now 2:8.2.3995-1ubuntu2.3 amd64 [installed]
wget/jammy,now 1.21.2-2ubuntu1 amd64 [installed]
x11-common/jammy,now 1:7.7+23ubuntu2 all [installed,automatic]
xclip/jammy,now 0.13-2 amd64 [installed]
xdg-utils/jammy-updates,now 1.1.3-4.1ubuntu3~22.04.1 all [installed,automatic]
xkb-data/jammy,now 2.33-1 all [installed,automatic]
xxd/jammy-updates,jammy-security,now 2:8.2.3995-1ubuntu2.3 amd64 [installed,automatic]
xz-utils/jammy,now 5.2.5-2ubuntu1 amd64 [installed,automatic]
zip/jammy,now 3.0-12build2 amd64 [installed]
zlib1g/jammy-updates,jammy-security,now 1:1.2.11.dfsg-2ubuntu9.2 amd64 [installed]
